<?xml version="1.0" encoding="UTF-8"?>
<!-- Generated by org.testng.reporters.JUnitXMLReporter -->
<testsuite hostname="LAPTOP-JDEIIT17" ignored="0" name="testng" tests="6" failures="0" timestamp="2020-03-28T18:24:59 IST" time="81.59" errors="0">
  <testcase name="LoginInvaliddata" time="0.939" classname="Test_Cases.Demo_Sauce_testng"/>
  <testcase name="LoginInvaliddata" time="0.927" classname="Test_Cases.Demo_Sauce_testng"/>
  <testcase name="Logindata" time="6.761" classname="Test_Cases.Demo_Sauce_testng"/>
  <testcase name="Logindata" time="12.341" classname="Test_Cases.Demo_Sauce_testng"/>
  <testcase name="AddCart" time="8.629" classname="Test_Cases.Demo_Sauce_testng"/>
  <testcase name="AddCart" time="14.794" classname="Test_Cases.Demo_Sauce_testng"/>
</testsuite> <!-- testng -->
