<?xml version="1.0" encoding="UTF-8"?>
<testsuite xmlns:xsi="http://www.w3.org/2001/XMLSchema-instance" xsi:noNamespaceSchemaLocation="https://maven.apache.org/surefire/maven-surefire-plugin/xsd/surefire-test-report.xsd" name="TestSuite" time="82.427" tests="6" errors="0" skipped="0" failures="0">
  <properties>
[...]
</properties>
  <testcase name="LoginInvaliddata" classname="Test_Cases.Demo_Sauce_testng" time="0.941"/>
  <testcase name="LoginInvaliddata" classname="Test_Cases.Demo_Sauce_testng" time="0.927"/>
  <testcase name="Logindata" classname="Test_Cases.Demo_Sauce_testng" time="6.76"/>
  <testcase name="Logindata" classname="Test_Cases.Demo_Sauce_testng" time="12.337"/>
  <testcase name="AddCart" classname="Test_Cases.Demo_Sauce_testng" time="8.626"/>
  <testcase name="AddCart" classname="Test_Cases.Demo_Sauce_testng" time="14.792"/>
</testsuite>