<?xml version="1.0" encoding="UTF-8"?>
<testng-results skipped="0" failed="0" ignored="0" total="6" passed="6">
  <reporter-output>
  </reporter-output>
  <suite name="Suite" duration-ms="81590" started-at="2020-03-28T18:23:38 IST" finished-at="2020-03-28T18:24:59 IST">
    <groups>
    </groups>
    <test name="testng" duration-ms="81590" started-at="2020-03-28T18:23:38 IST" finished-at="2020-03-28T18:24:59 IST">
      <class name="Test_Cases.Demo_Sauce_testng">
        <test-method status="PASS" signature="brow_launch()[pri:0, instance:Test_Cases.Demo_Sauce_testng@490ab905]" name="brow_launch" is-config="true" duration-ms="6873" started-at="2020-03-28T18:23:38 IST" finished-at="2020-03-28T18:23:45 IST">
          <reporter-output>
          </reporter-output>
        </test-method> <!-- brow_launch -->
        <test-method status="PASS" signature="LoginInvaliddata(java.lang.String, java.lang.String)[pri:1, instance:Test_Cases.Demo_Sauce_testng@490ab905]" name="LoginInvaliddata" duration-ms="939" started-at="2020-03-28T18:23:45 IST" data-provider="InvalidData" finished-at="2020-03-28T18:23:46 IST">
          <params>
            <param index="0">
              <value>
                <![CDATA[locked_out]]>
              </value>
            </param>
            <param index="1">
              <value>
                <![CDATA[secret_sauce]]>
              </value>
            </param>
          </params>
          <reporter-output>
          </reporter-output>
        </test-method> <!-- LoginInvaliddata -->
        <test-method status="PASS" signature="addcart()[pri:0, instance:Test_Cases.Demo_Sauce_testng@490ab905]" name="addcart" is-config="true" duration-ms="92" started-at="2020-03-28T18:23:46 IST" finished-at="2020-03-28T18:23:46 IST">
          <reporter-output>
          </reporter-output>
        </test-method> <!-- addcart -->
        <test-method status="PASS" signature="brow_launch()[pri:0, instance:Test_Cases.Demo_Sauce_testng@490ab905]" name="brow_launch" is-config="true" duration-ms="5665" started-at="2020-03-28T18:23:46 IST" finished-at="2020-03-28T18:23:52 IST">
          <reporter-output>
          </reporter-output>
        </test-method> <!-- brow_launch -->
        <test-method status="PASS" signature="LoginInvaliddata(java.lang.String, java.lang.String)[pri:1, instance:Test_Cases.Demo_Sauce_testng@490ab905]" name="LoginInvaliddata" duration-ms="927" started-at="2020-03-28T18:23:52 IST" data-provider="InvalidData" finished-at="2020-03-28T18:23:53 IST">
          <params>
            <param index="0">
              <value>
                <![CDATA[secret_sauce]]>
              </value>
            </param>
            <param index="1">
              <value>
                <![CDATA[secret_sauce]]>
              </value>
            </param>
          </params>
          <reporter-output>
          </reporter-output>
        </test-method> <!-- LoginInvaliddata -->
        <test-method status="PASS" signature="addcart()[pri:0, instance:Test_Cases.Demo_Sauce_testng@490ab905]" name="addcart" is-config="true" duration-ms="169" started-at="2020-03-28T18:23:53 IST" finished-at="2020-03-28T18:23:53 IST">
          <reporter-output>
          </reporter-output>
        </test-method> <!-- addcart -->
        <test-method status="PASS" signature="brow_launch()[pri:0, instance:Test_Cases.Demo_Sauce_testng@490ab905]" name="brow_launch" is-config="true" duration-ms="5535" started-at="2020-03-28T18:23:53 IST" finished-at="2020-03-28T18:23:59 IST">
          <reporter-output>
          </reporter-output>
        </test-method> <!-- brow_launch -->
        <test-method status="PASS" signature="Logindata(java.lang.String, java.lang.String)[pri:2, instance:Test_Cases.Demo_Sauce_testng@490ab905]" name="Logindata" duration-ms="6761" started-at="2020-03-28T18:23:59 IST" data-provider="ValidData" finished-at="2020-03-28T18:24:05 IST">
          <params>
            <param index="0">
              <value>
                <![CDATA[standard_user]]>
              </value>
            </param>
            <param index="1">
              <value>
                <![CDATA[secret_sauce]]>
              </value>
            </param>
          </params>
          <reporter-output>
          </reporter-output>
        </test-method> <!-- Logindata -->
        <test-method status="PASS" signature="addcart()[pri:0, instance:Test_Cases.Demo_Sauce_testng@490ab905]" name="addcart" is-config="true" duration-ms="112" started-at="2020-03-28T18:24:05 IST" finished-at="2020-03-28T18:24:05 IST">
          <reporter-output>
          </reporter-output>
        </test-method> <!-- addcart -->
        <test-method status="PASS" signature="brow_launch()[pri:0, instance:Test_Cases.Demo_Sauce_testng@490ab905]" name="brow_launch" is-config="true" duration-ms="5704" started-at="2020-03-28T18:24:05 IST" finished-at="2020-03-28T18:24:11 IST">
          <reporter-output>
          </reporter-output>
        </test-method> <!-- brow_launch -->
        <test-method status="PASS" signature="Logindata(java.lang.String, java.lang.String)[pri:2, instance:Test_Cases.Demo_Sauce_testng@490ab905]" name="Logindata" duration-ms="12341" started-at="2020-03-28T18:24:11 IST" data-provider="ValidData" finished-at="2020-03-28T18:24:24 IST">
          <params>
            <param index="0">
              <value>
                <![CDATA[performance_glitch_user]]>
              </value>
            </param>
            <param index="1">
              <value>
                <![CDATA[secret_sauce]]>
              </value>
            </param>
          </params>
          <reporter-output>
          </reporter-output>
        </test-method> <!-- Logindata -->
        <test-method status="PASS" signature="addcart()[pri:0, instance:Test_Cases.Demo_Sauce_testng@490ab905]" name="addcart" is-config="true" duration-ms="86" started-at="2020-03-28T18:24:24 IST" finished-at="2020-03-28T18:24:24 IST">
          <reporter-output>
          </reporter-output>
        </test-method> <!-- addcart -->
        <test-method status="PASS" signature="brow_launch()[pri:0, instance:Test_Cases.Demo_Sauce_testng@490ab905]" name="brow_launch" is-config="true" duration-ms="6063" started-at="2020-03-28T18:24:24 IST" finished-at="2020-03-28T18:24:30 IST">
          <reporter-output>
          </reporter-output>
        </test-method> <!-- brow_launch -->
        <test-method status="PASS" signature="AddCart(java.lang.String, java.lang.String)[pri:3, instance:Test_Cases.Demo_Sauce_testng@490ab905]" name="AddCart" duration-ms="8629" started-at="2020-03-28T18:24:30 IST" data-provider="AddCart" finished-at="2020-03-28T18:24:38 IST">
          <params>
            <param index="0">
              <value>
                <![CDATA[standard_user]]>
              </value>
            </param>
            <param index="1">
              <value>
                <![CDATA[secret_sauce]]>
              </value>
            </param>
          </params>
          <reporter-output>
          </reporter-output>
        </test-method> <!-- AddCart -->
        <test-method status="PASS" signature="addcart()[pri:0, instance:Test_Cases.Demo_Sauce_testng@490ab905]" name="addcart" is-config="true" duration-ms="78" started-at="2020-03-28T18:24:38 IST" finished-at="2020-03-28T18:24:38 IST">
          <reporter-output>
          </reporter-output>
        </test-method> <!-- addcart -->
        <test-method status="PASS" signature="brow_launch()[pri:0, instance:Test_Cases.Demo_Sauce_testng@490ab905]" name="brow_launch" is-config="true" duration-ms="5838" started-at="2020-03-28T18:24:38 IST" finished-at="2020-03-28T18:24:44 IST">
          <reporter-output>
          </reporter-output>
        </test-method> <!-- brow_launch -->
        <test-method status="PASS" signature="AddCart(java.lang.String, java.lang.String)[pri:3, instance:Test_Cases.Demo_Sauce_testng@490ab905]" name="AddCart" duration-ms="14794" started-at="2020-03-28T18:24:44 IST" data-provider="AddCart" finished-at="2020-03-28T18:24:59 IST">
          <params>
            <param index="0">
              <value>
                <![CDATA[performance_glitch_user]]>
              </value>
            </param>
            <param index="1">
              <value>
                <![CDATA[secret_sauce]]>
              </value>
            </param>
          </params>
          <reporter-output>
          </reporter-output>
        </test-method> <!-- AddCart -->
        <test-method status="PASS" signature="addcart()[pri:0, instance:Test_Cases.Demo_Sauce_testng@490ab905]" name="addcart" is-config="true" duration-ms="107" started-at="2020-03-28T18:24:59 IST" finished-at="2020-03-28T18:24:59 IST">
          <reporter-output>
          </reporter-output>
        </test-method> <!-- addcart -->
      </class> <!-- Test_Cases.Demo_Sauce_testng -->
    </test> <!-- testng -->
  </suite> <!-- Suite -->
</testng-results>
