<?xml version="1.0" encoding="UTF-8"?>
<testng-results skipped="0" failed="0" ignored="0" total="2" passed="2">
  <reporter-output>
  </reporter-output>
  <suite name="Suite" duration-ms="60677" started-at="2020-03-26T15:06:28 IST" finished-at="2020-03-26T15:07:29 IST">
    <groups>
    </groups>
    <test name="testng" duration-ms="60677" started-at="2020-03-26T15:06:28 IST" finished-at="2020-03-26T15:07:29 IST">
      <class name="Test_Cases.Demo_Sauce_testng">
        <test-method status="PASS" signature="read_excel()[pri:0, instance:Test_Cases.Demo_Sauce_testng@4cf777e8]" name="read_excel" is-config="true" duration-ms="1376" started-at="2020-03-26T15:06:28 IST" finished-at="2020-03-26T15:06:30 IST">
          <reporter-output>
          </reporter-output>
        </test-method> <!-- read_excel -->
        <test-method status="PASS" signature="brow_launch()[pri:0, instance:Test_Cases.Demo_Sauce_testng@4cf777e8]" name="brow_launch" is-config="true" duration-ms="8482" started-at="2020-03-26T15:06:30 IST" finished-at="2020-03-26T15:06:38 IST">
          <reporter-output>
          </reporter-output>
        </test-method> <!-- brow_launch -->
        <test-method status="PASS" signature="Logindata(java.lang.String, java.lang.String)[pri:0, instance:Test_Cases.Demo_Sauce_testng@4cf777e8]" name="Logindata" duration-ms="20296" started-at="2020-03-26T15:06:38 IST" data-provider="logindata" finished-at="2020-03-26T15:06:59 IST">
          <params>
            <param index="0">
              <value>
                <![CDATA[standard_user]]>
              </value>
            </param>
            <param index="1">
              <value>
                <![CDATA[secret_sauce]]>
              </value>
            </param>
          </params>
          <reporter-output>
          </reporter-output>
        </test-method> <!-- Logindata -->
        <test-method status="PASS" signature="addcart()[pri:0, instance:Test_Cases.Demo_Sauce_testng@4cf777e8]" name="addcart" is-config="true" duration-ms="133" started-at="2020-03-26T15:06:59 IST" finished-at="2020-03-26T15:06:59 IST">
          <reporter-output>
          </reporter-output>
        </test-method> <!-- addcart -->
        <test-method status="PASS" signature="brow_launch()[pri:0, instance:Test_Cases.Demo_Sauce_testng@4cf777e8]" name="brow_launch" is-config="true" duration-ms="6350" started-at="2020-03-26T15:06:59 IST" finished-at="2020-03-26T15:07:05 IST">
          <reporter-output>
          </reporter-output>
        </test-method> <!-- brow_launch -->
        <test-method status="PASS" signature="Logindata(java.lang.String, java.lang.String)[pri:0, instance:Test_Cases.Demo_Sauce_testng@4cf777e8]" name="Logindata" duration-ms="23904" started-at="2020-03-26T15:07:05 IST" data-provider="logindata" finished-at="2020-03-26T15:07:29 IST">
          <params>
            <param index="0">
              <value>
                <![CDATA[performance_glitch_user]]>
              </value>
            </param>
            <param index="1">
              <value>
                <![CDATA[secret_sauce]]>
              </value>
            </param>
          </params>
          <reporter-output>
          </reporter-output>
        </test-method> <!-- Logindata -->
        <test-method status="PASS" signature="addcart()[pri:0, instance:Test_Cases.Demo_Sauce_testng@4cf777e8]" name="addcart" is-config="true" duration-ms="91" started-at="2020-03-26T15:07:29 IST" finished-at="2020-03-26T15:07:29 IST">
          <reporter-output>
          </reporter-output>
        </test-method> <!-- addcart -->
      </class> <!-- Test_Cases.Demo_Sauce_testng -->
    </test> <!-- testng -->
  </suite> <!-- Suite -->
</testng-results>
